{
  "RSpec": {
    "coverage": {
      "/home/boban/ruby_on_rails/gems/rcasts2/spec/features/posts/posts_spec.rb": [
        1,
        null,
        1,
        10,
        10,
        10,
        10,
        null,
        1,
        1,
        1,
        1,
        null,
        null,
        1,
        1,
        1,
        null,
        null,
        null,
        1,
        1,
        1,
        1,
        null,
        null,
        1,
        1,
        1,
        null,
        null,
        null,
        1,
        1,
        1,
        1,
        null,
        null,
        1,
        1,
        1,
        1,
        null,
        1,
        null,
        1,
        1,
        1,
        null,
        null,
        null,
        1,
        1,
        1,
        1,
        1,
        1,
        1,
        null,
        1,
        1,
        1,
        null,
        null,
        1,
        1,
        1,
        1,
        1,
        1,
        null,
        1,
        1,
        1,
        null,
        null,
        1,
        1,
        1,
        1,
        1,
        1,
        1,
        null,
        1,
        1,
        1,
        1,
        null,
        null,
        null
      ],
      "/home/boban/ruby_on_rails/gems/rcasts2/spec/rails_helper.rb": [
        null,
        1,
        1,
        1,
        null,
        1,
        1,
        1,
        4,
        null,
        null,
        null,
        null,
        null,
        null,
        null,
        null,
        null,
        null,
        null,
        null,
        null,
        null,
        null,
        null,
        null,
        null,
        null,
        1,
        null,
        1,
        null,
        1,
        null,
        null,
        null,
        null,
        1,
        null,
        null,
        null,
        null,
        null,
        null,
        null,
        null,
        null,
        null,
        null,
        null,
        null,
        null,
        1,
        null,
        null,
        1,
        null,
        null,
        null,
        null,
        1
      ],
      "/home/boban/ruby_on_rails/gems/rcasts2/config/environment.rb": [
        null,
        1,
        null,
        null,
        1
      ],
      "/home/boban/ruby_on_rails/gems/rcasts2/config/application.rb": [
        1,
        null,
        1,
        null,
        null,
        null,
        1,
        null,
        1,
        1,
        null,
        1,
        null,
        null,
        null,
        null,
        1,
        1,
        null,
        null,
        null
      ],
      "/home/boban/ruby_on_rails/gems/rcasts2/config/boot.rb": [
        1,
        null,
        1
      ],
      "/home/boban/ruby_on_rails/gems/rcasts2/config/environments/test.rb": [
        1,
        null,
        null,
        null,
        null,
        null,
        null,
        1,
        null,
        null,
        null,
        null,
        1,
        null,
        null,
        1,
        1,
        null,
        null,
        null,
        null,
        1,
        1,
        null,
        null,
        1,
        null,
        null,
        1,
        1,
        null,
        null,
        null,
        null,
        1,
        null,
        null,
        1,
        null,
        null,
        null,
        null
      ],
      "/home/boban/ruby_on_rails/gems/rcasts2/config/initializers/application_controller_renderer.rb": [
        null,
        null,
        null,
        null,
        null,
        null,
        null,
        null
      ],
      "/home/boban/ruby_on_rails/gems/rcasts2/config/initializers/assets.rb": [
        null,
        null,
        null,
        1,
        null,
        null,
        null,
        null,
        1,
        null,
        null,
        null,
        null,
        null
      ],
      "/home/boban/ruby_on_rails/gems/rcasts2/config/initializers/backtrace_silencers.rb": [
        null,
        null,
        null,
        null,
        null,
        null,
        null
      ],
      "/home/boban/ruby_on_rails/gems/rcasts2/config/initializers/cookies_serializer.rb": [
        null,
        null,
        null,
        null,
        1
      ],
      "/home/boban/ruby_on_rails/gems/rcasts2/config/initializers/filter_parameter_logging.rb": [
        null,
        null,
        null,
        1
      ],
      "/home/boban/ruby_on_rails/gems/rcasts2/config/initializers/inflections.rb": [
        null,
        null,
        null,
        null,
        null,
        null,
        null,
        null,
        null,
        null,
        null,
        null,
        null,
        null,
        null,
        null
      ],
      "/home/boban/ruby_on_rails/gems/rcasts2/config/initializers/mime_types.rb": [
        null,
        null,
        null,
        null
      ],
      "/home/boban/ruby_on_rails/gems/rcasts2/config/initializers/wrap_parameters.rb": [
        null,
        null,
        null,
        null,
        null,
        null,
        1,
        2,
        null,
        null,
        null,
        null,
        null,
        null
      ],
      "/home/boban/ruby_on_rails/gems/rcasts2/spec/factories/cart.rb": [
        1,
        1,
        null,
        null
      ],
      "/home/boban/ruby_on_rails/gems/rcasts2/spec/factories/category.rb": [
        1,
        1,
        1,
        null,
        null
      ],
      "/home/boban/ruby_on_rails/gems/rcasts2/spec/factories/post.rb": [
        1,
        1,
        1,
        1,
        null,
        null
      ],
      "/home/boban/ruby_on_rails/gems/rcasts2/spec/factories/product.rb": [
        1,
        1,
        1,
        1,
        null,
        null
      ],
      "/home/boban/ruby_on_rails/gems/rcasts2/spec/factories/student.rb": [
        1,
        1,
        1,
        1,
        null,
        null
      ],
      "/home/boban/ruby_on_rails/gems/rcasts2/spec/factories/tag.rb": [
        1,
        1,
        1,
        null,
        null
      ],
      "/home/boban/ruby_on_rails/gems/rcasts2/config/routes.rb": [
        1,
        1,
        1,
        1,
        1,
        null,
        1,
        1,
        null,
        1,
        1,
        1,
        1,
        null,
        1,
        null,
        1,
        1,
        1,
        1,
        1,
        null,
        null
      ],
      "/home/boban/ruby_on_rails/gems/rcasts2/app/helpers/application_helper.rb": [
        1,
        1,
        13,
        null,
        null,
        1,
        0,
        null,
        null,
        1,
        0,
        null,
        null
      ],
      "/home/boban/ruby_on_rails/gems/rcasts2/app/helpers/articles_helper.rb": [
        1,
        null
      ],
      "/home/boban/ruby_on_rails/gems/rcasts2/app/helpers/categories_helper.rb": [
        1,
        null
      ],
      "/home/boban/ruby_on_rails/gems/rcasts2/app/helpers/post_tags_helper.rb": [
        1,
        null
      ],
      "/home/boban/ruby_on_rails/gems/rcasts2/app/helpers/posts_helper.rb": [
        1,
        null
      ],
      "/home/boban/ruby_on_rails/gems/rcasts2/app/helpers/session_helper.rb": [
        1,
        null
      ],
      "/home/boban/ruby_on_rails/gems/rcasts2/app/helpers/static_pages_helper.rb": [
        1,
        null
      ],
      "/home/boban/ruby_on_rails/gems/rcasts2/app/helpers/students_helper.rb": [
        1,
        null
      ],
      "/home/boban/ruby_on_rails/gems/rcasts2/app/helpers/tags_helper.rb": [
        1,
        null
      ],
      "/home/boban/ruby_on_rails/gems/rcasts2/app/helpers/users_helper.rb": [
        1,
        null
      ],
      "/home/boban/ruby_on_rails/gems/rcasts2/app/helpers/votes_helper.rb": [
        1,
        null
      ],
      "/home/boban/ruby_on_rails/gems/rcasts2/spec/support/factory_bot.rb": [
        1,
        1,
        null
      ],
      "/home/boban/ruby_on_rails/gems/rcasts2/spec/support/shoulda_matchers.rb": [
        1,
        1,
        null,
        1,
        null,
        null,
        1,
        1,
        1,
        null,
        1,
        null,
        null
      ],
      "/home/boban/ruby_on_rails/gems/rcasts2/spec/support/database_cleaner.rb": [
        1,
        1,
        1,
        null,
        null,
        1,
        9,
        null,
        null,
        1,
        9,
        null,
        null,
        1,
        9,
        null,
        null,
        1,
        9,
        null,
        null
      ],
      "/home/boban/ruby_on_rails/gems/rcasts2/app/models/post.rb": [
        1,
        1,
        1,
        null,
        1,
        1,
        null,
        1,
        1,
        null
      ],
      "/home/boban/ruby_on_rails/gems/rcasts2/app/models/application_record.rb": [
        1,
        1,
        null
      ],
      "/home/boban/ruby_on_rails/gems/rcasts2/app/models/category.rb": [
        1,
        1,
        null
      ],
      "/home/boban/ruby_on_rails/gems/rcasts2/app/models/tag.rb": [
        1,
        1,
        1,
        null
      ],
      "/home/boban/ruby_on_rails/gems/rcasts2/app/controllers/posts_controller.rb": [
        1,
        1,
        null,
        null,
        null,
        1,
        2,
        null,
        null,
        null,
        null,
        1,
        null,
        null,
        null,
        1,
        5,
        5,
        null,
        null,
        null,
        1,
        0,
        null,
        null,
        null,
        null,
        1,
        4,
        null,
        4,
        4,
        8,
        4,
        null,
        0,
        0,
        null,
        null,
        null,
        null,
        null,
        null,
        1,
        0,
        0,
        0,
        0,
        null,
        0,
        0,
        null,
        null,
        null,
        null,
        null,
        null,
        1,
        0,
        0,
        0,
        0,
        null,
        null,
        null,
        1,
        null,
        1,
        6,
        null,
        null,
        null,
        1,
        4,
        null,
        null
      ],
      "/home/boban/ruby_on_rails/gems/rcasts2/app/controllers/application_controller.rb": [
        1,
        1,
        null,
        1,
        null
      ],
      "/home/boban/ruby_on_rails/gems/rcasts2/app/models/post_tag.rb": [
        1,
        1,
        1,
        null
      ],
      "/home/boban/ruby_on_rails/gems/rcasts2/app/models/user.rb": [
        1,
        1,
        1,
        null,
        null,
        1,
        null
      ]
    },
    "timestamp": 1511617240
  }
}
