{
  "RSpec": {
    "coverage": {
      "/home/boban/ruby_on_rails/gems/rcasts2/spec/features/students/students_spec.rb": [
        1,
        null,
        1,
        1,
        1,
        2,
        2,
        null,
        null,
        1,
        1,
        null,
        1,
        1,
        null,
        null,
        1,
        1,
        1,
        null,
        null,
        null,
        1,
        1,
        3,
        null,
        null,
        1,
        1,
        1,
        null,
        null,
        1,
        1,
        1,
        null,
        null,
        1,
        1,
        1,
        null,
        null,
        null,
        1,
        1,
        4,
        null,
        null,
        1,
        1,
        1,
        1,
        null,
        null,
        1,
        1,
        1,
        null,
        1,
        1,
        null,
        1,
        null,
        null,
        1,
        1,
        null,
        1,
        null,
        null,
        1,
        1,
        null,
        1,
        null,
        null,
        null,
        1,
        1,
        3,
        null,
        null,
        1,
        1,
        1,
        null,
        null,
        1,
        1,
        1,
        1,
        null,
        1,
        null,
        1,
        1,
        null,
        null,
        1,
        1,
        null,
        1,
        1,
        1,
        null,
        1,
        1,
        null,
        null,
        null
      ],
      "/home/boban/ruby_on_rails/gems/rcasts2/spec/rails_helper.rb": [
        null,
        1,
        1,
        1,
        null,
        1,
        1,
        1,
        4,
        null,
        null,
        null,
        null,
        null,
        null,
        null,
        null,
        null,
        null,
        null,
        null,
        null,
        null,
        null,
        null,
        null,
        null,
        null,
        1,
        null,
        1,
        null,
        1,
        null,
        null,
        null,
        null,
        1,
        null,
        null,
        null,
        null,
        null,
        null,
        null,
        null,
        null,
        null,
        null,
        null,
        null,
        null,
        1,
        null,
        null,
        1,
        null,
        null,
        null,
        null,
        1
      ],
      "/home/boban/ruby_on_rails/gems/rcasts2/config/environment.rb": [
        null,
        1,
        null,
        null,
        1
      ],
      "/home/boban/ruby_on_rails/gems/rcasts2/config/application.rb": [
        1,
        null,
        1,
        null,
        null,
        null,
        1,
        null,
        1,
        1,
        null,
        1,
        null,
        null,
        null,
        null,
        1,
        1,
        null,
        null,
        null
      ],
      "/home/boban/ruby_on_rails/gems/rcasts2/config/boot.rb": [
        1,
        null,
        1
      ],
      "/home/boban/ruby_on_rails/gems/rcasts2/config/environments/test.rb": [
        1,
        null,
        null,
        null,
        null,
        null,
        null,
        1,
        null,
        null,
        null,
        null,
        1,
        null,
        null,
        1,
        1,
        null,
        null,
        null,
        null,
        1,
        1,
        null,
        null,
        1,
        null,
        null,
        1,
        1,
        null,
        null,
        null,
        null,
        1,
        null,
        null,
        1,
        null,
        null,
        null,
        null
      ],
      "/home/boban/ruby_on_rails/gems/rcasts2/config/initializers/application_controller_renderer.rb": [
        null,
        null,
        null,
        null,
        null,
        null,
        null,
        null
      ],
      "/home/boban/ruby_on_rails/gems/rcasts2/config/initializers/assets.rb": [
        null,
        null,
        null,
        1,
        null,
        null,
        null,
        null,
        1,
        null,
        null,
        null,
        null,
        null
      ],
      "/home/boban/ruby_on_rails/gems/rcasts2/config/initializers/backtrace_silencers.rb": [
        null,
        null,
        null,
        null,
        null,
        null,
        null
      ],
      "/home/boban/ruby_on_rails/gems/rcasts2/config/initializers/cookies_serializer.rb": [
        null,
        null,
        null,
        null,
        1
      ],
      "/home/boban/ruby_on_rails/gems/rcasts2/config/initializers/filter_parameter_logging.rb": [
        null,
        null,
        null,
        1
      ],
      "/home/boban/ruby_on_rails/gems/rcasts2/config/initializers/inflections.rb": [
        null,
        null,
        null,
        null,
        null,
        null,
        null,
        null,
        null,
        null,
        null,
        null,
        null,
        null,
        null,
        null
      ],
      "/home/boban/ruby_on_rails/gems/rcasts2/config/initializers/mime_types.rb": [
        null,
        null,
        null,
        null
      ],
      "/home/boban/ruby_on_rails/gems/rcasts2/config/initializers/wrap_parameters.rb": [
        null,
        null,
        null,
        null,
        null,
        null,
        1,
        2,
        null,
        null,
        null,
        null,
        null,
        null
      ],
      "/home/boban/ruby_on_rails/gems/rcasts2/spec/factories/post.rb": [
        1,
        1,
        1,
        1,
        null,
        null
      ],
      "/home/boban/ruby_on_rails/gems/rcasts2/spec/factories/student.rb": [
        1,
        1,
        1,
        1,
        null,
        null
      ],
      "/home/boban/ruby_on_rails/gems/rcasts2/config/routes.rb": [
        1,
        1,
        null,
        1,
        1,
        null,
        1,
        1,
        1,
        1,
        null,
        1,
        null,
        1,
        1,
        1,
        1,
        1,
        null,
        null
      ],
      "/home/boban/ruby_on_rails/gems/rcasts2/app/helpers/application_helper.rb": [
        1,
        1,
        14,
        null,
        null,
        1,
        0,
        null,
        null,
        1,
        0,
        null,
        null
      ],
      "/home/boban/ruby_on_rails/gems/rcasts2/app/helpers/articles_helper.rb": [
        1,
        null
      ],
      "/home/boban/ruby_on_rails/gems/rcasts2/app/helpers/posts_helper.rb": [
        1,
        null
      ],
      "/home/boban/ruby_on_rails/gems/rcasts2/app/helpers/session_helper.rb": [
        1,
        null
      ],
      "/home/boban/ruby_on_rails/gems/rcasts2/app/helpers/static_pages_helper.rb": [
        1,
        null
      ],
      "/home/boban/ruby_on_rails/gems/rcasts2/app/helpers/students_helper.rb": [
        1,
        null
      ],
      "/home/boban/ruby_on_rails/gems/rcasts2/app/helpers/users_helper.rb": [
        1,
        null
      ],
      "/home/boban/ruby_on_rails/gems/rcasts2/app/helpers/votes_helper.rb": [
        1,
        null
      ],
      "/home/boban/ruby_on_rails/gems/rcasts2/spec/support/factory_bot.rb": [
        1,
        1,
        null
      ],
      "/home/boban/ruby_on_rails/gems/rcasts2/spec/support/shoulda_matchers.rb": [
        1,
        1,
        null,
        1,
        null,
        null,
        1,
        1,
        1,
        null,
        1,
        null,
        null
      ],
      "/home/boban/ruby_on_rails/gems/rcasts2/spec/support/database_cleaner.rb": [
        1,
        1,
        1,
        null,
        null,
        1,
        12,
        null,
        null,
        1,
        12,
        null,
        null,
        1,
        12,
        null,
        null,
        1,
        12,
        null,
        null
      ],
      "/home/boban/ruby_on_rails/gems/rcasts2/app/models/student.rb": [
        1,
        null
      ],
      "/home/boban/ruby_on_rails/gems/rcasts2/app/models/application_record.rb": [
        1,
        1,
        null
      ],
      "/home/boban/ruby_on_rails/gems/rcasts2/app/controllers/students_controller.rb": [
        1,
        1,
        null,
        1,
        2,
        null,
        null,
        1,
        null,
        null,
        1,
        2,
        2,
        2,
        null,
        null,
        1,
        2,
        null,
        null,
        1,
        1,
        1,
        1,
        null,
        0,
        null,
        null,
        null,
        1,
        null,
        null,
        1,
        1,
        1,
        null,
        0,
        null,
        null,
        null,
        1,
        null,
        1,
        13,
        null,
        null,
        1,
        2,
        null,
        null
      ],
      "/home/boban/ruby_on_rails/gems/rcasts2/app/controllers/application_controller.rb": [
        1,
        1,
        null,
        1,
        null
      ],
      "/home/boban/ruby_on_rails/gems/rcasts2/app/models/user.rb": [
        1,
        1,
        1,
        null,
        1,
        null
      ]
    },
    "timestamp": 1511456371
  }
}
