{
  "RSpec": {
    "coverage": {
      "/home/boban/ruby_on_rails/gems/rcasts/spec/controllers/projects_controller_spec.rb": [
        1,
        null,
        1,
        3,
        3,
        null,
        1,
        1,
        1,
        1,
        null,
        null,
        null,
        1,
        1,
        1,
        1,
        null,
        null,
        null,
        1,
        1,
        1,
        1,
        null,
        null,
        null,
        1,
        1,
        1,
        1,
        null,
        null,
        null
      ],
      "/home/boban/ruby_on_rails/gems/rcasts/spec/rails_helper.rb": [
        null,
        1,
        1,
        1,
        null,
        1,
        1,
        1,
        null,
        4,
        null,
        null,
        null,
        null,
        null,
        null,
        null,
        null,
        null,
        null,
        null,
        null,
        null,
        null,
        null,
        null,
        null,
        null,
        null,
        null,
        1,
        null,
        1,
        null,
        1,
        null,
        null,
        null,
        null,
        1,
        null,
        null,
        null,
        null,
        null,
        null,
        null,
        null,
        null,
        null,
        null,
        null,
        null,
        null,
        1,
        null,
        null,
        1,
        null,
        null,
        null,
        null,
        1
      ],
      "/home/boban/ruby_on_rails/gems/rcasts/config/environment.rb": [
        null,
        1,
        null,
        null,
        1
      ],
      "/home/boban/ruby_on_rails/gems/rcasts/config/application.rb": [
        1,
        null,
        1,
        null,
        null,
        null,
        1,
        null,
        1,
        1,
        null,
        1,
        null,
        null,
        null,
        null,
        1,
        1,
        null,
        null,
        null
      ],
      "/home/boban/ruby_on_rails/gems/rcasts/config/boot.rb": [
        1,
        null,
        1
      ],
      "/home/boban/ruby_on_rails/gems/rcasts/config/environments/test.rb": [
        1,
        null,
        null,
        null,
        null,
        null,
        null,
        1,
        null,
        null,
        null,
        null,
        1,
        null,
        null,
        1,
        1,
        null,
        null,
        null,
        null,
        1,
        1,
        null,
        null,
        1,
        null,
        null,
        1,
        1,
        null,
        null,
        null,
        null,
        1,
        null,
        null,
        1,
        null,
        null,
        null,
        null
      ],
      "/home/boban/ruby_on_rails/gems/rcasts/config/initializers/application_controller_renderer.rb": [
        null,
        null,
        null,
        null,
        null,
        null,
        null,
        null
      ],
      "/home/boban/ruby_on_rails/gems/rcasts/config/initializers/assets.rb": [
        null,
        null,
        null,
        1,
        null,
        null,
        null,
        null,
        1,
        null,
        null,
        null,
        null,
        null
      ],
      "/home/boban/ruby_on_rails/gems/rcasts/config/initializers/backtrace_silencers.rb": [
        null,
        null,
        null,
        null,
        null,
        null,
        null
      ],
      "/home/boban/ruby_on_rails/gems/rcasts/config/initializers/cookies_serializer.rb": [
        null,
        null,
        null,
        null,
        1
      ],
      "/home/boban/ruby_on_rails/gems/rcasts/config/initializers/filter_parameter_logging.rb": [
        null,
        null,
        null,
        1
      ],
      "/home/boban/ruby_on_rails/gems/rcasts/config/initializers/inflections.rb": [
        null,
        null,
        null,
        null,
        null,
        null,
        null,
        null,
        null,
        null,
        null,
        null,
        null,
        null,
        null,
        null
      ],
      "/home/boban/ruby_on_rails/gems/rcasts/config/initializers/kaminari_config.rb": [
        null,
        1,
        1,
        null,
        null,
        null,
        null,
        null,
        null,
        null,
        null,
        null
      ],
      "/home/boban/ruby_on_rails/gems/rcasts/config/initializers/mime_types.rb": [
        null,
        null,
        null,
        null
      ],
      "/home/boban/ruby_on_rails/gems/rcasts/config/initializers/wrap_parameters.rb": [
        null,
        null,
        null,
        null,
        null,
        null,
        1,
        2,
        null,
        null,
        null,
        null,
        null,
        null
      ],
      "/home/boban/ruby_on_rails/gems/rcasts/spec/factories/project.rb": [
        1,
        1,
        5,
        5,
        1,
        null,
        null
      ],
      "/home/boban/ruby_on_rails/gems/rcasts/spec/factories/task.rb": [
        1,
        1,
        2,
        2,
        2,
        2,
        2,
        1,
        1,
        null,
        null
      ],
      "/home/boban/ruby_on_rails/gems/rcasts/spec/factories/user.rb": [
        1,
        1,
        5,
        5,
        5,
        5,
        null,
        null
      ],
      "/home/boban/ruby_on_rails/gems/rcasts/config/routes.rb": [
        1,
        1,
        1,
        1,
        1,
        1,
        1,
        null,
        1,
        1,
        null,
        null,
        1,
        1,
        1,
        1,
        1,
        1,
        null
      ],
      "/home/boban/ruby_on_rails/gems/rcasts/app/helpers/admin/dashboard_helper.rb": [
        1,
        null
      ],
      "/home/boban/ruby_on_rails/gems/rcasts/app/models/admin.rb": [
        1,
        1,
        0,
        null,
        null
      ],
      "/home/boban/ruby_on_rails/gems/rcasts/app/helpers/application_helper.rb": [
        1,
        1,
        null,
        null,
        null,
        0,
        null,
        null,
        1,
        2,
        null,
        null,
        1,
        2,
        null,
        null,
        1,
        0,
        null,
        null,
        1,
        0,
        null,
        null,
        1,
        0,
        0,
        null,
        null,
        1,
        0,
        null,
        null,
        1,
        0,
        null,
        null,
        1,
        null
      ],
      "/home/boban/ruby_on_rails/gems/rcasts/app/helpers/categories_helper.rb": [
        1,
        null
      ],
      "/home/boban/ruby_on_rails/gems/rcasts/app/helpers/homeworks_helper.rb": [
        1,
        null
      ],
      "/home/boban/ruby_on_rails/gems/rcasts/app/helpers/projects_helper.rb": [
        1,
        null
      ],
      "/home/boban/ruby_on_rails/gems/rcasts/app/helpers/session_helper.rb": [
        1,
        null
      ],
      "/home/boban/ruby_on_rails/gems/rcasts/app/helpers/static_pages_helper.rb": [
        1,
        null
      ],
      "/home/boban/ruby_on_rails/gems/rcasts/app/helpers/tasks_helper.rb": [
        1,
        null
      ],
      "/home/boban/ruby_on_rails/gems/rcasts/app/helpers/users_helper.rb": [
        1,
        null
      ],
      "/home/boban/ruby_on_rails/gems/rcasts/spec/support/factory_bot.rb": [
        1,
        1,
        null
      ],
      "/home/boban/ruby_on_rails/gems/rcasts/spec/support/shoulda_matchers.rb": [
        1,
        1,
        null,
        1,
        null,
        null,
        1,
        1,
        1,
        null,
        1,
        null,
        null
      ],
      "/home/boban/ruby_on_rails/gems/rcasts/spec/support/database_cleaner.rb": [
        1,
        1,
        1,
        null,
        null,
        1,
        23,
        null,
        null,
        1,
        2,
        null,
        null,
        1,
        23,
        null,
        null,
        1,
        23,
        null,
        null
      ],
      "/home/boban/ruby_on_rails/gems/rcasts/app/controllers/projects_controller.rb": [
        1,
        1,
        1,
        null,
        null,
        null,
        1,
        2,
        null,
        null,
        null,
        null,
        1,
        null,
        null,
        1,
        1,
        null,
        null,
        null,
        1,
        null,
        null,
        null,
        1,
        0,
        null,
        0,
        0,
        0,
        0,
        null,
        0,
        0,
        null,
        null,
        null,
        null,
        null,
        null,
        1,
        0,
        0,
        0,
        0,
        null,
        0,
        0,
        null,
        null,
        null,
        null,
        null,
        null,
        1,
        0,
        0,
        0,
        0,
        null,
        null,
        null,
        1,
        null,
        null,
        1,
        3,
        null,
        null,
        null,
        1,
        0,
        null,
        null
      ],
      "/home/boban/ruby_on_rails/gems/rcasts/app/controllers/application_controller.rb": [
        1,
        1,
        1,
        null
      ],
      "/home/boban/ruby_on_rails/gems/rcasts/spec/controllers/task_controller_spec.rb": [
        1,
        null,
        1,
        2,
        2,
        2,
        null,
        1,
        1,
        1,
        1,
        null,
        null,
        null,
        1,
        1,
        1,
        1,
        null,
        null,
        null
      ],
      "/home/boban/ruby_on_rails/gems/rcasts/app/controllers/tasks_controller.rb": [
        1,
        1,
        null,
        null,
        null,
        1,
        1,
        1,
        null,
        null,
        null,
        null,
        1,
        null,
        null,
        1,
        0,
        null,
        null,
        null,
        1,
        null,
        null,
        null,
        1,
        0,
        null,
        0,
        0,
        0,
        0,
        null,
        0,
        0,
        null,
        null,
        null,
        null,
        null,
        null,
        1,
        0,
        0,
        null,
        null,
        null,
        null,
        null,
        null,
        0,
        0,
        null,
        0,
        0,
        null,
        null,
        null,
        null,
        null,
        null,
        1,
        0,
        0,
        0,
        0,
        null,
        null,
        null,
        1,
        null,
        null,
        1,
        1,
        null,
        null,
        null,
        1,
        0,
        null,
        null
      ],
      "/home/boban/ruby_on_rails/gems/rcasts/spec/features/projects_spec.rb": [
        1,
        null,
        1,
        2,
        2,
        null,
        1,
        1,
        1,
        null,
        1,
        null,
        null,
        1,
        1,
        null,
        1,
        null,
        null,
        null
      ],
      "/home/boban/ruby_on_rails/gems/rcasts/spec/models/task_spec.rb": [
        1,
        null,
        1,
        1,
        1,
        1,
        1,
        null,
        null,
        1,
        1,
        1,
        null,
        null,
        1,
        1,
        1,
        null,
        null,
        1,
        1,
        1,
        null,
        null,
        null,
        1,
        2,
        2,
        null,
        null
      ],
      "/home/boban/ruby_on_rails/gems/rcasts/app/models/task.rb": [
        1,
        1,
        1,
        null,
        2,
        2,
        null,
        1,
        1,
        null
      ],
      "/home/boban/ruby_on_rails/gems/rcasts/app/models/application_record.rb": [
        1,
        1,
        null
      ],
      "/home/boban/ruby_on_rails/gems/rcasts/spec/requests/projects_spec.rb": [
        1,
        null,
        null,
        null,
        null,
        null,
        null,
        null,
        null,
        null
      ],
      "/home/boban/ruby_on_rails/gems/rcasts/spec/routing/projects_routing_spec.rb": [
        1,
        null,
        1,
        1,
        1,
        1,
        null,
        null,
        1,
        1,
        null,
        null,
        1,
        1,
        null,
        null,
        1,
        1,
        null,
        null,
        1,
        1,
        null,
        null,
        1,
        1,
        null,
        null,
        1,
        1,
        null,
        null,
        1,
        1,
        null,
        null,
        null
      ],
      "/home/boban/ruby_on_rails/gems/rcasts/spec/views/projects/edit.html.erb_spec.rb": [
        1,
        null,
        1,
        null,
        null,
        null,
        null,
        null,
        1,
        null,
        null,
        null,
        null,
        null,
        null
      ],
      "/home/boban/ruby_on_rails/gems/rcasts/spec/views/projects/index.html.erb_spec.rb": [
        1,
        null,
        1,
        null,
        null,
        null,
        null,
        null,
        null,
        null,
        null,
        null,
        null,
        null
      ],
      "/home/boban/ruby_on_rails/gems/rcasts/spec/views/projects/new.html.erb_spec.rb": [
        1,
        null,
        1,
        null,
        null,
        null,
        null
      ],
      "/home/boban/ruby_on_rails/gems/rcasts/spec/views/projects/show.html.erb_spec.rb": [
        1,
        null,
        1,
        null,
        null,
        null,
        null,
        null,
        null,
        null,
        null
      ],
      "/home/boban/ruby_on_rails/gems/rcasts/app/models/project.rb": [
        1,
        1,
        1,
        null,
        1,
        1,
        null
      ],
      "/home/boban/ruby_on_rails/gems/rcasts/app/models/user.rb": [
        1,
        1,
        1,
        null,
        1,
        null
      ]
    },
    "timestamp": 1511189079
  }
}
